<html>
<body>
<pre>
<h1>µVision Build Log</h1>
<h2>Tool Versions:</h2>
IDE-Version: µVision V5.27.1.0
Copyright (C) 2019 ARM Ltd and ARM Germany GmbH. All rights reserved.
License Information: Justin Borromeo, Personal, LIC=----
 
Tool Versions:
Toolchain:       MDK-Lite  Version: 5.27.1.0
Toolchain Path:  C:\Keil_v5\ARM\ARMCC\Bin
C Compiler:      Armcc.exe V5.06 update 6 (build 750)
Assembler:       Armasm.exe V5.06 update 6 (build 750)
Linker/Locator:  ArmLink.exe V5.06 update 6 (build 750)
Library Manager: ArmAr.exe V5.06 update 6 (build 750)
Hex Converter:   FromElf.exe V5.06 update 6 (build 750)
CPU DLL:         SARMCM3.DLL V5.27.1.0
Dialog DLL:      DCM.DLL V1.17.2.0
Target DLL:      STLink\ST-LINKIII-KEIL_SWO.dll V3.0.6.0
Dialog DLL:      TCM.DLL V1.36.1.0
 
<h2>Project:</h2>
E:\Justin\Code\two-axis-machine\STM32CubeExpansion-SPN2_V1.1.0\Projects\MDK-ARM\Project.uvprojx
Project File Date:  05/15/2019

<h2>Output:</h2>
*** Using Compiler 'V5.06 update 6 (build 750)', folder: 'C:\Keil_v5\ARM\ARMCC\Bin'
Rebuild target 'STM32F401RE-Nucleo'
compiling stm32f4xx_hal.c...
compiling stm32f4xx_hal_gpio.c...
compiling stm32f4xx_hal_cortex.c...
compiling stm32f4xx_hal_adc_ex.c...
compiling stm32f4xx_hal_adc.c...
compiling stm32f4xx_hal_rcc.c...
compiling L6470.c...
compiling stm32f4xx_hal_pwr.c...
compiling stm32f4xx_hal_flash_ramfunc.c...
compiling stm32f4xx_hal_dma_ex.c...
compiling stm32f4xx_hal_flash_ex.c...
compiling stm32f4xx_hal_dma.c...
compiling stm32f4xx_hal_uart.c...
compiling stm32f4xx_hal_spi.c...
compiling stm32f4xx_hal_pwr_ex.c...
compiling stm32f4xx_hal_rcc_ex.c...
compiling xnucleoihm02a1_interface.c...
compiling stm32f4xx_hal_flash.c...
compiling xnucleoihm02a1.c...
compiling stm32f4xx_hal_msp.c...
compiling stm32f4xx_nucleo.c...
assembling startup_stm32f401xe.s...
compiling params.c...
compiling stm32f4xx_it.c...
..\Src\NUCLEO-F401RE\stm32f4xx_it.c(41): error:  #169: expected a declaration
..\Src\NUCLEO-F401RE\stm32f4xx_it.c(42): error:  #7: unrecognized token
    * @addtogroup MicrosteppingMotor_Example
..\Src\NUCLEO-F401RE\stm32f4xx_it.c(43): error:  #7: unrecognized token
    * @{
..\Src\NUCLEO-F401RE\stm32f4xx_it.c(65): warning:  #12-D: parsing restarts here after previous syntax error
    HAL_IncTick();
..\Src\NUCLEO-F401RE\stm32f4xx_it.c(66): warning:  #1295-D: Deprecated declaration HAL_SYSTICK_IRQHandler - give arg types
    HAL_SYSTICK_IRQHandler();
..\Src\NUCLEO-F401RE\stm32f4xx_it.c(66): error:  #260-D: explicit type is missing ("int" assumed)
    HAL_SYSTICK_IRQHandler();
..\Src\NUCLEO-F401RE\stm32f4xx_it.c(66): error:  #147: declaration is incompatible with "void HAL_SYSTICK_IRQHandler(void)"  (declared at line 326 of "..\..\Drivers\STM32F4xx_HAL_Driver\Inc\stm32f4xx_hal_cortex.h")
    HAL_SYSTICK_IRQHandler();
..\Src\NUCLEO-F401RE\stm32f4xx_it.c(67): error:  #169: expected a declaration
  }
..\Src\NUCLEO-F401RE\stm32f4xx_it.c(178): warning: At end of source:  #12-D: parsing restarts here after previous syntax error
..\Src\NUCLEO-F401RE\stm32f4xx_it.c: 3 warnings, 6 errors
compiling system_stm32f4xx.c...
compiling example.c...
compiling main.c...
..\Src\main.c(135): warning:  #223-D: function "pow" declared implicitly
  			Step = ((uint32_t)MotorParameterDataSingle->fullstepsperrevolution * pow(2, MotorParameterDataSingle->step_sel)) / MovementPerRevolution;
..\Src\main.c(151): warning:  #223-D: function "pow" declared implicitly
  			Step = ((uint32_t)MotorParameterDataSingle->fullstepsperrevolution * pow(2, MotorParameterDataSingle->step_sel)) / MovementPerRevolution;
..\Src\main.c(339): warning:  #177-D: function "Error_Handler"  was declared but never referenced
  static void Error_Handler(void)
..\Src\main.c: 3 warnings, 0 errors
compiling example_usart.c...
".\STM32F401RE-Nucleo\STM32F401RE-Nucleo.axf" - 6 Error(s), 6 Warning(s).

<h2>Software Packages used:</h2>

Package Vendor: ARM
                http://www.keil.com/pack/ARM.CMSIS.5.5.1.pack
                ARM.CMSIS.5.5.1
                CMSIS (Cortex Microcontroller Software Interface Standard)
   * Component: CORE Version: 5.2.0

Package Vendor: Keil
                http://www.keil.com/pack/Keil.STM32F4xx_DFP.2.13.0.pack
                Keil.STM32F4xx_DFP.2.13.0
                STMicroelectronics STM32F4 Series Device Support, Drivers and Examples

<h2>Collection of Component include folders:</h2>
  .\RTE\_STM32F401RE-Nucleo
  C:\Users\jborromeo\AppData\Local\Arm\Packs\ARM\CMSIS\5.5.1\CMSIS\Core\Include
  C:\Users\jborromeo\AppData\Local\Arm\Packs\Keil\STM32F4xx_DFP\2.13.0\Drivers\CMSIS\Device\ST\STM32F4xx\Include

<h2>Collection of Component Files used:</h2>

   * Component: ARM::CMSIS:CORE:5.2.0
Target not created.
Build Time Elapsed:  00:00:05
</pre>
</body>
</html>
